{"numFailedTestSuites":0,"numFailedTests":0,"numPassedTestSuites":1,"numPassedTests":6,"numPendingTestSuites":0,"numPendingTests":0,"numRuntimeErrorTestSuites":0,"numTodoTests":0,"numTotalTestSuites":1,"numTotalTests":6,"openHandles":[],"snapshot":{"added":0,"didUpdate":false,"failure":false,"filesAdded":0,"filesRemoved":0,"filesRemovedList":[],"filesUnmatched":0,"filesUpdated":0,"matched":0,"total":0,"unchecked":0,"uncheckedKeysByFile":[],"unmatched":0,"updated":0},"startTime":1604505839672,"success":true,"testResults":[{"assertionResults":[{"ancestorTitles":["Globalisation"],"failureMessages":[],"fullName":"Globalisation should be defined","location":null,"status":"passed","title":"should be defined"},{"ancestorTitles":["Globalisation","created"],"failureMessages":[],"fullName":"Globalisation created should call `initialiseLocalisation`","location":null,"status":"passed","title":"should call `initialiseLocalisation`"},{"ancestorTitles":["Globalisation","methods","initialiseLocalisation"],"failureMessages":[],"fullName":"Globalisation methods initialiseLocalisation should call `setupLocale` once to set up the locale with the provided `locale` prop","location":null,"status":"passed","title":"should call `setupLocale` once to set up the locale with the provided `locale` prop"},{"ancestorTitles":["Globalisation","methods","initialiseLocalisation"],"failureMessages":[],"fullName":"Globalisation methods initialiseLocalisation should call `setupLocale` twice to set up both the locale with the provided `locale` prop and the fallback locale when these are different","location":null,"status":"passed","title":"should call `setupLocale` twice to set up both the locale with the provided `locale` prop and the fallback locale when these are different"},{"ancestorTitles":["Globalisation","methods","initialiseLocalisation"],"failureMessages":[],"fullName":"Globalisation methods initialiseLocalisation should call `setupLocale` twice to set up both the current locale and the fallback locale when these are different","location":null,"status":"passed","title":"should call `setupLocale` twice to set up both the current locale and the fallback locale when these are different"},{"ancestorTitles":["Globalisation","methods","setupLocale"],"failureMessages":[],"fullName":"Globalisation methods setupLocale should set the messages for the provided locale and update the current i18n locale when `applyLocale` is `true`","location":null,"status":"passed","title":"should set the messages for the provided locale and update the current i18n locale when `applyLocale` is `true`"}],"endTime":1604505841049,"message":"","name":"C:\\Repos\\fozzie-components\\utilities\\f-globalisation\\src\\mixins\\tests\\globalisation.mixin.test.js","startTime":1604505840172,"status":"passed","summary":""}],"wasInterrupted":false}