{"numFailedTestSuites":1,"numFailedTests":1,"numPassedTestSuites":0,"numPassedTests":1,"numPendingTestSuites":0,"numPendingTests":0,"numRuntimeErrorTestSuites":0,"numTodoTests":0,"numTotalTestSuites":1,"numTotalTests":2,"openHandles":[],"snapshot":{"added":0,"didUpdate":false,"failure":false,"filesAdded":0,"filesRemoved":0,"filesRemovedList":[],"filesUnmatched":0,"filesUpdated":0,"matched":0,"total":0,"unchecked":0,"uncheckedKeysByFile":[],"unmatched":0,"updated":0},"startTime":1604489231076,"success":false,"testResults":[{"assertionResults":[{"ancestorTitles":["Globalisation"],"failureMessages":[],"fullName":"Globalisation should be defined","location":null,"status":"passed","title":"should be defined"},{"ancestorTitles":["Globalisation"],"failureMessages":["Error: \u001b[2mexpect(\u001b[22m\u001b[31mjest.fn()\u001b[39m\u001b[2m).\u001b[22mtoHaveBeenCalled\u001b[2m()\u001b[22m\n\nExpected number of calls: >= \u001b[32m1\u001b[39m\nReceived number of calls:    \u001b[31m0\u001b[39m\n    at Object.<anonymous> (C:\\Repos\\fozzie-components\\utilities\\f-globalisation\\src\\mixins\\tests\\globalisation.mixin.test.js:59:44)\n    at Object.asyncJestTest (C:\\Repos\\fozzie-components\\node_modules\\jest-jasmine2\\build\\jasmineAsyncInstall.js:102:37)\n    at C:\\Repos\\fozzie-components\\node_modules\\jest-jasmine2\\build\\queueRunner.js:43:12\n    at new Promise (<anonymous>)\n    at mapper (C:\\Repos\\fozzie-components\\node_modules\\jest-jasmine2\\build\\queueRunner.js:26:19)\n    at C:\\Repos\\fozzie-components\\node_modules\\jest-jasmine2\\build\\queueRunner.js:73:41\n    at processTicksAndRejections (internal/process/task_queues.js:93:5)"],"fullName":"Globalisation should call `initialiseLocalisation` when created","location":null,"status":"failed","title":"should call `initialiseLocalisation` when created"}],"endTime":1604489232698,"message":"\u001b[1m\u001b[31m  \u001b[1m● \u001b[1mGlobalisation › should call `initialiseLocalisation` when created\u001b[39m\u001b[22m\n\n    \u001b[2mexpect(\u001b[22m\u001b[31mjest.fn()\u001b[39m\u001b[2m).\u001b[22mtoHaveBeenCalled\u001b[2m()\u001b[22m\n\n    Expected number of calls: >= \u001b[32m1\u001b[39m\n    Received number of calls:    \u001b[31m0\u001b[39m\n\u001b[2m\u001b[22m\n\u001b[2m    \u001b[0m \u001b[90m 57 | \u001b[39m        })\u001b[33m;\u001b[39m\u001b[0m\u001b[22m\n\u001b[2m    \u001b[0m \u001b[90m 58 | \u001b[39m\u001b[0m\u001b[22m\n\u001b[2m    \u001b[0m\u001b[31m\u001b[1m>\u001b[2m\u001b[39m\u001b[90m 59 | \u001b[39m        expect(initialiseLocalisationMock)\u001b[33m.\u001b[39mtoHaveBeenCalled()\u001b[33m;\u001b[39m\u001b[0m\u001b[22m\n\u001b[2m    \u001b[0m \u001b[90m    | \u001b[39m                                           \u001b[31m\u001b[1m^\u001b[2m\u001b[39m\u001b[0m\u001b[22m\n\u001b[2m    \u001b[0m \u001b[90m 60 | \u001b[39m    })\u001b[33m;\u001b[39m\u001b[0m\u001b[22m\n\u001b[2m    \u001b[0m \u001b[90m 61 | \u001b[39m})\u001b[33m;\u001b[39m\u001b[0m\u001b[22m\n\u001b[2m    \u001b[0m \u001b[90m 62 | \u001b[39m\u001b[0m\u001b[22m\n\u001b[2m\u001b[22m\n\u001b[2m      \u001b[2mat Object.<anonymous> (\u001b[2m\u001b[0m\u001b[36msrc/mixins/tests/globalisation.mixin.test.js\u001b[39m\u001b[0m\u001b[2m:59:44)\u001b[2m\u001b[22m\n","name":"C:\\Repos\\fozzie-components\\utilities\\f-globalisation\\src\\mixins\\tests\\globalisation.mixin.test.js","startTime":1604489231610,"status":"failed","summary":""}],"wasInterrupted":false}