{"numFailedTestSuites":0,"numFailedTests":0,"numPassedTestSuites":1,"numPassedTests":11,"numPendingTestSuites":0,"numPendingTests":0,"numRuntimeErrorTestSuites":0,"numTodoTests":0,"numTotalTestSuites":1,"numTotalTests":11,"openHandles":[],"snapshot":{"added":0,"didUpdate":false,"failure":false,"filesAdded":0,"filesRemoved":0,"filesRemovedList":[],"filesUnmatched":0,"filesUpdated":0,"matched":0,"total":0,"unchecked":0,"uncheckedKeysByFile":[],"unmatched":0,"updated":0},"startTime":1605092755775,"success":true,"testResults":[{"assertionResults":[{"ancestorTitles":["Globalisation"],"failureMessages":[],"fullName":"Globalisation should be defined","location":null,"status":"passed","title":"should be defined"},{"ancestorTitles":["Globalisation","created"],"failureMessages":[],"fullName":"Globalisation created should call `initialiseLocalisation`","location":null,"status":"passed","title":"should call `initialiseLocalisation`"},{"ancestorTitles":["Globalisation","watch","locale"],"failureMessages":[],"fullName":"Globalisation watch locale should call `setupLocale` with new value and `true`","location":null,"status":"passed","title":"should call `setupLocale` with new value and `true`"},{"ancestorTitles":["Globalisation","methods","initialiseLocalisation"],"failureMessages":[],"fullName":"Globalisation methods initialiseLocalisation should call `setupLocale` once to set up the locale with the provided `locale` prop","location":null,"status":"passed","title":"should call `setupLocale` once to set up the locale with the provided `locale` prop"},{"ancestorTitles":["Globalisation","methods","initialiseLocalisation"],"failureMessages":[],"fullName":"Globalisation methods initialiseLocalisation should call `setupLocale` twice to set up both the locale with the provided `locale` prop and the fallback locale when these are different","location":null,"status":"passed","title":"should call `setupLocale` twice to set up both the locale with the provided `locale` prop and the fallback locale when these are different"},{"ancestorTitles":["Globalisation","methods","initialiseLocalisation"],"failureMessages":[],"fullName":"Globalisation methods initialiseLocalisation should call `setupLocale` twice to set up both the current locale and the fallback locale when these are different","location":null,"status":"passed","title":"should call `setupLocale` twice to set up both the current locale and the fallback locale when these are different"},{"ancestorTitles":["Globalisation","methods","setupLocale"],"failureMessages":[],"fullName":"Globalisation methods setupLocale should set the messages for the provided locale and update the current i18n locale when `applyLocale` is `true`","location":null,"status":"passed","title":"should set the messages for the provided locale and update the current i18n locale when `applyLocale` is `true`"},{"ancestorTitles":["Globalisation","methods","setupLocale"],"failureMessages":[],"fullName":"Globalisation methods setupLocale should set the messages for the provided locale and not update the current i18n locale when `applyLocale` is `false`","location":null,"status":"passed","title":"should set the messages for the provided locale and not update the current i18n locale when `applyLocale` is `false`"},{"ancestorTitles":["Globalisation","props","locale"],"failureMessages":[],"fullName":"Globalisation props locale should not be required","location":null,"status":"passed","title":"should not be required"},{"ancestorTitles":["Globalisation","props","locale"],"failureMessages":[],"fullName":"Globalisation props locale should be a string","location":null,"status":"passed","title":"should be a string"},{"ancestorTitles":["Globalisation","props","locale"],"failureMessages":[],"fullName":"Globalisation props locale should default to ''","location":null,"status":"passed","title":"should default to ''"}],"endTime":1605092757457,"message":"","name":"C:\\code\\forks\\components\\fozzie-components\\services\\f-globalisation\\src\\mixins\\tests\\globalisation.mixin.test.js","startTime":1605092756450,"status":"passed","summary":""}],"wasInterrupted":false}