{"numFailedTestSuites":0,"numFailedTests":0,"numPassedTestSuites":1,"numPassedTests":4,"numPendingTestSuites":0,"numPendingTests":0,"numRuntimeErrorTestSuites":0,"numTodoTests":0,"numTotalTestSuites":1,"numTotalTests":4,"openHandles":[],"snapshot":{"added":0,"didUpdate":false,"failure":false,"filesAdded":0,"filesRemoved":0,"filesRemovedList":[],"filesUnmatched":0,"filesUpdated":0,"matched":0,"total":0,"unchecked":0,"uncheckedKeysByFile":[],"unmatched":0,"updated":0},"startTime":1602771635990,"success":true,"testResults":[{"assertionResults":[{"ancestorTitles":["Checkout"],"failureMessages":[],"fullName":"Checkout should be defined","location":null,"status":"passed","title":"should be defined"},{"ancestorTitles":["Checkout"],"failureMessages":[],"fullName":"Checkout have a button","location":null,"status":"passed","title":"have a button"},{"ancestorTitles":["Checkout","computed ::","name ::"],"failureMessages":[],"fullName":"Checkout computed :: name :: should capitalize `firstName` data","location":null,"status":"passed","title":"should capitalize `firstName` data"},{"ancestorTitles":["Checkout","computed ::","title ::"],"failureMessages":[],"fullName":"Checkout computed :: title :: should add `name` to title text","location":null,"status":"passed","title":"should add `name` to title text"}],"endTime":1602771637734,"message":"","name":"/Users/faye.carter/Documents/External/fozzie-components/packages/f-checkout/src/components/tests/Checkout.test.js","startTime":1602771636733,"status":"passed","summary":""}],"wasInterrupted":false}